<?xml version="1.0" encoding="UTF-8"?>
<!-- Generated by org.testng.reporters.JUnitReportReporter -->
<testsuite skipped="0" hostname="DESKTOP-AJA0JKM" name="practice_package.PasstheParameterTest" tests="1" failures="0" timestamp="17 Nov 2022 11:12:12 GMT" time="0.032" errors="0">
  <testcase name="data" time="0.032" classname="practice_package.PasstheParameterTest"/>
</testsuite> <!-- practice_package.PasstheParameterTest -->
